<?xml version="1.0" encoding="UTF-8"?>
<!-- Generated by org.testng.reporters.JUnitXMLReporter -->
<testsuite ignored="1" hostname="BG-ADN-HBKC1Z2" failures="1" tests="1" name="logInTest" time="0.043" errors="0" timestamp="2023-03-06T14:03:31 EET">
  <testcase classname="com.zara.loginpagetests.LogInTests" name="negativelogInTest" time="0.0">
    <failure type="java.lang.RuntimeException" message="java.lang.RuntimeException: File src\test\resources\DataProviders\LogInTests\negativelogInTest.csv was not found.
[Ljava.lang.StackTraceElement;@68e5eea7">
      <![CDATA[java.lang.RuntimeException: java.lang.RuntimeException: File src\test\resources\DataProviders\LogInTests\negativelogInTest.csv was not found.
[Ljava.lang.StackTraceElement;@68e5eea7
at java.base/java.util.ArrayList.forEach(ArrayList.java:1511)
Caused by: java.lang.RuntimeException: File src\test\resources\DataProviders\LogInTests\negativelogInTest.csv was not found.
[Ljava.lang.StackTraceElement;@68e5eea7
at com.zara.base.CsvDataProviders.csvReader(CsvDataProviders.java:45)
... 25 more
... Removed 32 stack frames]]>
    </failure>
  </testcase> <!-- negativelogInTest -->
  <testcase classname="com.zara.loginpagetests.LogInTests" name="positiveLogInTest" time="0.0">
    <ignored/>
  </testcase> <!-- positiveLogInTest -->
</testsuite> <!-- logInTest -->
