<?xml version="1.0" encoding="UTF-8"?>
<!-- Generated by org.testng.reporters.JUnitXMLReporter -->
<testsuite ignored="1" hostname="BG-ADN-HBKC1Z2" failures="0" tests="5" name="LogInPageTest" time="35.105" errors="0" timestamp="2023-03-06T14:12:30 EET">
  <testcase classname="com.zara.loginpagetests.LogInPageTests" name="negativeLogInPageTest" time="6.023"/>
  <testcase classname="com.zara.loginpagetests.LogInPageTests" name="negativeLogInPageTest" time="6.664"/>
  <testcase classname="com.zara.loginpagetests.LogInPageTests" name="negativeLogInPageTest" time="4.826"/>
  <testcase classname="com.zara.loginpagetests.LogInPageTests" name="negativeLogInPageTest" time="5.019"/>
  <testcase classname="com.zara.loginpagetests.LogInPageTests" name="negativeLogInPageTest" time="4.82"/>
  <testcase classname="com.zara.loginpagetests.LogInPageTests" name="positiveLogInPageTest" time="0.0">
    <ignored/>
  </testcase> <!-- positiveLogInPageTest -->
</testsuite> <!-- LogInPageTest -->
