<?xml version="1.0" encoding="UTF-8"?>
<!-- Generated by org.testng.reporters.JUnitXMLReporter -->
<testsuite ignored="1" hostname="BG-ADN-HBKC1Z2" failures="0" tests="5" name="negativeLogInPageTests" time="32.948" errors="0" timestamp="2023-03-06T14:21:33 EET">
  <testcase classname="com.zara.loginpagetests.LogInPageTests" name="negativeLogInPageTest" time="6.08"/>
  <testcase classname="com.zara.loginpagetests.LogInPageTests" name="negativeLogInPageTest" time="5.236"/>
  <testcase classname="com.zara.loginpagetests.LogInPageTests" name="negativeLogInPageTest" time="4.974"/>
  <testcase classname="com.zara.loginpagetests.LogInPageTests" name="negativeLogInPageTest" time="5.318"/>
  <testcase classname="com.zara.loginpagetests.LogInPageTests" name="negativeLogInPageTest" time="4.901"/>
  <testcase classname="com.zara.loginpagetests.LogInPageTests" name="positiveLogInPageTest" time="0.0">
    <ignored/>
  </testcase> <!-- positiveLogInPageTest -->
</testsuite> <!-- negativeLogInPageTests -->
