<?xml version="1.0" encoding="UTF-8"?>
<!-- Generated by org.testng.reporters.JUnitXMLReporter -->
<testsuite ignored="1" hostname="BG-ADN-HBKC1Z2" failures="0" tests="1" name="positiveLogInPageTests" time="13.229" errors="0" timestamp="2023-03-06T15:03:44 EET">
  <testcase classname="com.zara.loginpagetests.LogInPageTests" name="positiveLogInPageTest" time="9.004"/>
  <testcase classname="com.zara.loginpagetests.LogInPageTests" name="negativeLogInPageTest" time="0.0">
    <ignored/>
  </testcase> <!-- negativeLogInPageTest -->
</testsuite> <!-- positiveLogInPageTests -->
