<?xml version="1.0" encoding="UTF-8"?>
<testng-results ignored="0" total="1" passed="1" failed="0" skipped="0">
  <reporter-output>
  </reporter-output>
  <suite started-at="2023-03-01T16:47:22 EET" name="AddItemToCartSuite" finished-at="2023-03-01T16:47:45 EET" duration-ms="23722">
    <groups>
    </groups>
    <test started-at="2023-03-01T16:47:22 EET" name="AddItemToCart" finished-at="2023-03-01T16:47:45 EET" duration-ms="23722">
      <class name="com.zara.loginpagetests.AddItemToCardTests">
        <test-method is-config="true" signature="setUp(java.lang.reflect.Method,java.lang.String)[pri:0, instance:com.zara.loginpagetests.AddItemToCardTests@10e31a9a]" started-at="2023-03-01T16:47:22 EET" name="setUp" finished-at="2023-03-01T16:47:24 EET" duration-ms="2064" status="PASS">
          <params>
            <param index="0">
              <value>
                <![CDATA[public void com.zara.loginpagetests.AddItemToCardTests.shopGirlsJacket(java.lang.String,java.lang.String)]]>
              </value>
            </param>
            <param index="1">
              <value>
                <![CDATA[chrome]]>
              </value>
            </param>
          </params>
          <reporter-output>
          </reporter-output>
        </test-method> <!-- setUp -->
        <test-method signature="shopGirlsJacket(java.lang.String,java.lang.String)[pri:0, instance:com.zara.loginpagetests.AddItemToCardTests@10e31a9a]" started-at="2023-03-01T16:47:24 EET" name="shopGirlsJacket" finished-at="2023-03-01T16:47:45 EET" duration-ms="21426" status="PASS">
          <params>
            <param index="0">
              <value>
                <![CDATA[designminimal@abv.bg]]>
              </value>
            </param>
            <param index="1">
              <value>
                <![CDATA[Supersecretpassword1!]]>
              </value>
            </param>
          </params>
          <reporter-output>
          </reporter-output>
        </test-method> <!-- shopGirlsJacket -->
        <test-method is-config="true" signature="tearDown()[pri:0, instance:com.zara.loginpagetests.AddItemToCardTests@10e31a9a]" started-at="2023-03-01T16:47:45 EET" name="tearDown" finished-at="2023-03-01T16:47:45 EET" duration-ms="193" status="PASS">
          <reporter-output>
          </reporter-output>
        </test-method> <!-- tearDown -->
      </class> <!-- com.zara.loginpagetests.AddItemToCardTests -->
    </test> <!-- AddItemToCart -->
  </suite> <!-- AddItemToCartSuite -->
</testng-results>
