<?xml version="1.0" encoding="UTF-8"?>
<testng-results ignored="0" total="1" passed="1" failed="0" skipped="0">
  <reporter-output>
  </reporter-output>
  <suite started-at="2023-03-01T17:32:20 EET" name="LogInPageTestsSuite" finished-at="2023-03-01T17:32:30 EET" duration-ms="9906">
    <groups>
    </groups>
    <test started-at="2023-03-01T17:32:20 EET" name="logInTest" finished-at="2023-03-01T17:32:30 EET" duration-ms="9906">
      <class name="com.zara.loginpagetests.LogInTests">
        <test-method is-config="true" signature="setUp(java.lang.reflect.Method,java.lang.String)[pri:0, instance:com.zara.loginpagetests.LogInTests@3febb011]" started-at="2023-03-01T17:32:20 EET" name="setUp" finished-at="2023-03-01T17:32:22 EET" duration-ms="2155" status="PASS">
          <params>
            <param index="0">
              <value>
                <![CDATA[public void com.zara.loginpagetests.LogInTests.logInTest(java.lang.String,java.lang.String)]]>
              </value>
            </param>
            <param index="1">
              <value>
                <![CDATA[chrome]]>
              </value>
            </param>
          </params>
          <reporter-output>
          </reporter-output>
        </test-method> <!-- setUp -->
        <test-method signature="logInTest(java.lang.String,java.lang.String)[pri:0, instance:com.zara.loginpagetests.LogInTests@3febb011]" started-at="2023-03-01T17:32:22 EET" name="logInTest" finished-at="2023-03-01T17:32:30 EET" duration-ms="7470" status="PASS">
          <params>
            <param index="0">
              <value>
                <![CDATA[designminimal@abv.bg]]>
              </value>
            </param>
            <param index="1">
              <value>
                <![CDATA[Supersecretpassword1!]]>
              </value>
            </param>
          </params>
          <reporter-output>
          </reporter-output>
        </test-method> <!-- logInTest -->
        <test-method is-config="true" signature="tearDown()[pri:0, instance:com.zara.loginpagetests.LogInTests@3febb011]" started-at="2023-03-01T17:32:30 EET" name="tearDown" finished-at="2023-03-01T17:32:30 EET" duration-ms="242" status="PASS">
          <reporter-output>
          </reporter-output>
        </test-method> <!-- tearDown -->
      </class> <!-- com.zara.loginpagetests.LogInTests -->
    </test> <!-- logInTest -->
  </suite> <!-- LogInPageTestsSuite -->
</testng-results>
