<?xml version="1.0" encoding="UTF-8"?>
<testng-results ignored="1" total="2" passed="1" failed="0" skipped="0">
  <reporter-output>
  </reporter-output>
  <suite started-at="2023-03-06T15:03:31 EET" name="LogInPageTestsSuite" finished-at="2023-03-06T15:03:44 EET" duration-ms="13229">
    <groups>
    </groups>
    <test started-at="2023-03-06T15:03:31 EET" name="positiveLogInPageTests" finished-at="2023-03-06T15:03:44 EET" duration-ms="13229">
      <class name="com.zara.loginpagetests.LogInPageTests">
        <test-method is-config="true" signature="setUp(java.lang.reflect.Method,java.lang.String)[pri:0, instance:com.zara.loginpagetests.LogInPageTests@10e31a9a]" started-at="2023-03-06T15:03:31 EET" name="setUp" finished-at="2023-03-06T15:03:34 EET" duration-ms="3335" status="PASS">
          <params>
            <param index="0">
              <value>
                <![CDATA[public void com.zara.loginpagetests.LogInPageTests.positiveLogInPageTest(java.lang.String,java.lang.String,java.lang.String)]]>
              </value>
            </param>
            <param index="1">
              <value>
                <![CDATA[firefox]]>
              </value>
            </param>
          </params>
          <reporter-output>
          </reporter-output>
        </test-method> <!-- setUp -->
        <test-method signature="positiveLogInPageTest(java.lang.String,java.lang.String,java.lang.String)[pri:0, instance:com.zara.loginpagetests.LogInPageTests@10e31a9a]" started-at="2023-03-06T15:03:34 EET" name="positiveLogInPageTest" finished-at="2023-03-06T15:03:43 EET" duration-ms="9004" status="PASS">
          <params>
            <param index="0">
              <value>
                <![CDATA[designminimal@abv.bg]]>
              </value>
            </param>
            <param index="1">
              <value>
                <![CDATA[Supersecretpassword1!]]>
              </value>
            </param>
            <param index="2">
              <value>
                <![CDATA[mariya]]>
              </value>
            </param>
          </params>
          <reporter-output>
          </reporter-output>
        </test-method> <!-- positiveLogInPageTest -->
        <test-method is-config="true" signature="tearDown()[pri:0, instance:com.zara.loginpagetests.LogInPageTests@10e31a9a]" started-at="2023-03-06T15:03:43 EET" name="tearDown" finished-at="2023-03-06T15:03:44 EET" duration-ms="851" status="PASS">
          <reporter-output>
          </reporter-output>
        </test-method> <!-- tearDown -->
      </class> <!-- com.zara.loginpagetests.LogInPageTests -->
    </test> <!-- positiveLogInPageTests -->
  </suite> <!-- LogInPageTestsSuite -->
</testng-results>
