<?xml version="1.0" encoding="UTF-8"?>
<!-- Generated by org.testng.reporters.JUnitXMLReporter -->
<testsuite ignored="1" hostname="BG-ADN-HBKC1Z2" failures="0" tests="1" name="PositiveLogInTest" time="0.405" errors="0" timestamp="2023-02-28T12:55:21 EET">
  <testcase classname="com.zara.base.BaseTest" name="@BeforeMethod setUp" time="-1.677581721651E9">
    <failure type="org.testng.TestNGException" message="
Can inject only one of &amp;lt;ITestContext, XmlTest, Method, Object[], ITestResult&amp;gt; into a @BeforeMethod annotated setUp.
For more information on native dependency injection please refer to https://testng.org/doc/documentation-main.html#native-dependency-injection">
      <![CDATA[org.testng.TestNGException: 
Can inject only one of <ITestContext, XmlTest, Method, Object[], ITestResult> into a @BeforeMethod annotated setUp.
For more information on native dependency injection please refer to https://testng.org/doc/documentation-main.html#native-dependency-injection
at java.base/java.util.ArrayList.forEach(ArrayList.java:1511)
... Removed 28 stack frames]]>
    </failure>
  </testcase> <!-- @BeforeMethod setUp -->
  <testcase classname="com.zara.base.BaseTest" name="@AfterMethod tearDown" time="0.003">
    <failure type="java.lang.NullPointerException" message="Cannot invoke &amp;quot;org.openqa.selenium.WebDriver.quit()&amp;quot; because &amp;quot;this.driver&amp;quot; is null">
      <![CDATA[java.lang.NullPointerException: Cannot invoke "org.openqa.selenium.WebDriver.quit()" because "this.driver" is null
at com.zara.base.BaseTest.tearDown(BaseTest.java:33)
at java.base/java.util.ArrayList.forEach(ArrayList.java:1511)
... Removed 32 stack frames]]>
    </failure>
  </testcase> <!-- @AfterMethod tearDown -->
  <testcase classname="com.zara.loginpagetests.LogInPageTests" name="positiveLogInPageTest" time="0.0">
    <skipped/>
  </testcase> <!-- positiveLogInPageTest -->
  <testcase classname="com.zara.loginpagetests.LogInPageTests" name="negativeLogInPageTest" time="0.0">
    <ignored/>
  </testcase> <!-- negativeLogInPageTest -->
</testsuite> <!-- PositiveLogInTest -->
